# JRE version: OpenJDK Runtime Environment (8.0_202-b03) (build 1.8.0_202-release-1483-b03)
# Java VM: OpenJDK 64-Bit Server VM (25.202-b03 mixed mode windows-amd64 compressed oops)
Heap:
 PSYoungGen      total 84992K, used 65845K [0x00000000e0000000, 0x00000000e8300000, 0x0000000100000000)
  eden space 52224K, 63% used [0x00000000e0000000,0x00000000e204ffe8,0x00000000e3300000)
  from space 32768K, 99% used [0x00000000e5800000,0x00000000e77fd480,0x00000000e7800000)
  to   space 37888K, 0% used [0x00000000e3300000,0x00000000e3300000,0x00000000e5800000)
 ParOldGen       total 120832K, used 43095K [0x00000000a0000000, 0x00000000a7600000, 0x00000000e0000000)
  object space 120832K, 35% used [0x00000000a0000000,0x00000000a2a15ee0,0x00000000a7600000)
 Metaspace       used 86281K, capacity 89148K, committed 90072K, reserved 1128448K
  class space    used 10983K, capacity 11573K, committed 11776K, reserved 1048576K
GC Heap History (10 events):
Event: 2853.160 GC heap before
{Heap before GC invocations=45 (full 3):
 PSYoungGen      total 68608K, used 68581K [0x00000000e0000000, 0x00000000e6380000, 0x0000000100000000)
  eden space 53248K, 99% used [0x00000000e0000000,0x00000000e33f9ab8,0x00000000e3400000)
  from space 15360K, 99% used [0x00000000e3400000,0x00000000e42ffc30,0x00000000e4300000)
  to   space 20480K, 0% used [0x00000000e4f80000,0x00000000e4f80000,0x00000000e6380000)
 ParOldGen       total 80896K, used 64567K [0x00000000a0000000, 0x00000000a4f00000, 0x00000000e0000000)
  object space 80896K, 79% used [0x00000000a0000000,0x00000000a3f0de48,0x00000000a4f00000)
 Metaspace       used 86513K, capacity 89846K, committed 90072K, reserved 1128448K
  class space    used 11065K, capacity 11728K, committed 11776K, reserved 1048576K
Event: 2853.199 GC heap after
Heap after GC invocations=45 (full 3):
 PSYoungGen      total 73728K, used 20450K [0x00000000e0000000, 0x00000000e7300000, 0x0000000100000000)
  eden space 53248K, 0% used [0x00000000e0000000,0x00000000e0000000,0x00000000e3400000)
  from space 20480K, 99% used [0x00000000e4f80000,0x00000000e6378a10,0x00000000e6380000)
  to   space 28160K, 0% used [0x00000000e3400000,0x00000000e3400000,0x00000000e4f80000)
 ParOldGen       total 80896K, used 77901K [0x00000000a0000000, 0x00000000a4f00000, 0x00000000e0000000)
  object space 80896K, 96% used [0x00000000a0000000,0x00000000a4c13410,0x00000000a4f00000)
 Metaspace       used 86513K, capacity 89846K, committed 90072K, reserved 1128448K
  class space    used 11065K, capacity 11728K, committed 11776K, reserved 1048576K
}
Event: 2853.297 GC heap before
{Heap before GC invocations=46 (full 4):
 PSYoungGen      total 73728K, used 20450K [0x00000000e0000000, 0x00000000e7300000, 0x0000000100000000)
  eden space 53248K, 0% used [0x00000000e0000000,0x00000000e0000000,0x00000000e3400000)
  from space 20480K, 99% used [0x00000000e4f80000,0x00000000e6378a10,0x00000000e6380000)
  to   space 28160K, 0% used [0x00000000e3400000,0x00000000e3400000,0x00000000e4f80000)
 ParOldGen       total 80896K, used 77901K [0x00000000a0000000, 0x00000000a4f00000, 0x00000000e0000000)
  object space 80896K, 96% used [0x00000000a0000000,0x00000000a4c13410,0x00000000a4f00000)
 Metaspace       used 86513K, capacity 89846K, committed 90072K, reserved 1128448K
  class space    used 11065K, capacity 11728K, committed 11776K, reserved 1048576K
Event: 2854.281 GC heap after
Heap after GC invocations=46 (full 4):
 PSYoungGen      total 73728K, used 0K [0x00000000e0000000, 0x00000000e7300000, 0x0000000100000000)
  eden space 53248K, 0% used [0x00000000e0000000,0x00000000e0000000,0x00000000e3400000)
  from space 20480K, 0% used [0x00000000e4f80000,0x00000000e4f80000,0x00000000e6380000)
  to   space 28160K, 0% used [0x00000000e3400000,0x00000000e3400000,0x00000000e4f80000)
 ParOldGen       total 80896K, used 69845K [0x00000000a0000000, 0x00000000a4f00000, 0x00000000e0000000)
  object space 80896K, 86% used [0x00000000a0000000,0x00000000a4435598,0x00000000a4f00000)
 Metaspace       used 86169K, capacity 89064K, committed 90072K, reserved 1128448K
  class space    used 10977K, capacity 11569K, committed 11776K, reserved 1048576K
}
Event: 2854.838 GC heap before
{Heap before GC invocations=47 (full 5):
 PSYoungGen      total 73728K, used 53248K [0x00000000e0000000, 0x00000000e7300000, 0x0000000100000000)
  eden space 53248K, 100% used [0x00000000e0000000,0x00000000e3400000,0x00000000e3400000)
  from space 20480K, 0% used [0x00000000e4f80000,0x00000000e4f80000,0x00000000e6380000)
  to   space 28160K, 0% used [0x00000000e3400000,0x00000000e3400000,0x00000000e4f80000)
 ParOldGen       total 80896K, used 69845K [0x00000000a0000000, 0x00000000a4f00000, 0x00000000e0000000)
  object space 80896K, 86% used [0x00000000a0000000,0x00000000a4435598,0x00000000a4f00000)
 Metaspace       used 86199K, capacity 89064K, committed 90072K, reserved 1128448K
  class space    used 10977K, capacity 11569K, committed 11776K, reserved 1048576K
Event: 2854.951 GC heap after
Heap after GC invocations=47 (full 5):
 PSYoungGen      total 73728K, used 0K [0x00000000e0000000, 0x00000000e7300000, 0x0000000100000000)
  eden space 53248K, 0% used [0x00000000e0000000,0x00000000e0000000,0x00000000e3400000)
  from space 20480K, 0% used [0x00000000e4f80000,0x00000000e4f80000,0x00000000e6380000)
  to   space 28160K, 0% used [0x00000000e3400000,0x00000000e3400000,0x00000000e4f80000)
 ParOldGen       total 120832K, used 38679K [0x00000000a0000000, 0x00000000a7600000, 0x00000000e0000000)
  object space 120832K, 32% used [0x00000000a0000000,0x00000000a25c5c60,0x00000000a7600000)
 Metaspace       used 86199K, capacity 89064K, committed 90072K, reserved 1128448K
  class space    used 10977K, capacity 11569K, committed 11776K, reserved 1048576K
}
Event: 2855.567 GC heap before
{Heap before GC invocations=48 (full 5):
 PSYoungGen      total 73728K, used 53248K [0x00000000e0000000, 0x00000000e7300000, 0x0000000100000000)
  eden space 53248K, 100% used [0x00000000e0000000,0x00000000e3400000,0x00000000e3400000)
  from space 20480K, 0% used [0x00000000e4f80000,0x00000000e4f80000,0x00000000e6380000)
  to   space 28160K, 0% used [0x00000000e3400000,0x00000000e3400000,0x00000000e4f80000)
 ParOldGen       total 120832K, used 38679K [0x00000000a0000000, 0x00000000a7600000, 0x00000000e0000000)
  object space 120832K, 32% used [0x00000000a0000000,0x00000000a25c5c60,0x00000000a7600000)
 Metaspace       used 86236K, capacity 89136K, committed 90072K, reserved 1128448K
  class space    used 10977K, capacity 11569K, committed 11776K, reserved 1048576K
Event: 2855.639 GC heap after
Heap after GC invocations=48 (full 5):
 PSYoungGen      total 81408K, used 27821K [0x00000000e0000000, 0x00000000e7800000, 0x0000000100000000)
  eden space 53248K, 0% used [0x00000000e0000000,0x00000000e0000000,0x00000000e3400000)
  from space 28160K, 98% used [0x00000000e3400000,0x00000000e4f2b478,0x00000000e4f80000)
  to   space 32768K, 0% used [0x00000000e5800000,0x00000000e5800000,0x00000000e7800000)
 ParOldGen       total 120832K, used 38679K [0x00000000a0000000, 0x00000000a7600000, 0x00000000e0000000)
  object space 120832K, 32% used [0x00000000a0000000,0x00000000a25c5c60,0x00000000a7600000)
 Metaspace       used 86236K, capacity 89136K, committed 90072K, reserved 1128448K
  class space    used 10977K, capacity 11569K, committed 11776K, reserved 1048576K
}
Event: 2856.256 GC heap before
{Heap before GC invocations=49 (full 5):
 PSYoungGen      total 81408K, used 81069K [0x00000000e0000000, 0x00000000e7800000, 0x0000000100000000)
  eden space 53248K, 100% used [0x00000000e0000000,0x00000000e3400000,0x00000000e3400000)
  from space 28160K, 98% used [0x00000000e3400000,0x00000000e4f2b478,0x00000000e4f80000)
  to   space 32768K, 0% used [0x00000000e5800000,0x00000000e5800000,0x00000000e7800000)
 ParOldGen       total 120832K, used 38679K [0x00000000a0000000, 0x00000000a7600000, 0x00000000e0000000)
  object space 120832K, 32% used [0x00000000a0000000,0x00000000a25c5c60,0x00000000a7600000)
 Metaspace       used 86244K, capacity 89136K, committed 90072K, reserved 1128448K
  class space    used 10977K, capacity 11569K, committed 11776K, reserved 1048576K
Event: 2856.292 GC heap after
Heap after GC invocations=49 (full 5):
 PSYoungGen      total 84992K, used 32757K [0x00000000e0000000, 0x00000000e8300000, 0x0000000100000000)
  eden space 52224K, 0% used [0x00000000e0000000,0x00000000e0000000,0x00000000e3300000)
  from space 32768K, 99% used [0x00000000e5800000,0x00000000e77fd480,0x00000000e7800000)
  to   space 37888K, 0% used [0x00000000e3300000,0x00000000e3300000,0x00000000e5800000)
 ParOldGen       total 120832K, used 43095K [0x00000000a0000000, 0x00000000a7600000, 0x00000000e0000000)
  object space 120832K, 35% used [0x00000000a0000000,0x00000000a2a15ee0,0x00000000a7600000)
 Metaspace       used 86244K, capacity 89136K, committed 90072K, reserved 1128448K
  class space    used 10977K, capacity 11569K, committed 11776K, reserved 1048576K
}

